2026-02-02 19:38:03.362 | INFO     | __main__:create_all_visualizations:302 - ============================================================
2026-02-02 19:38:03.363 | INFO     | __main__:create_all_visualizations:303 - Creating All Visualizations
2026-02-02 19:38:03.363 | INFO     | __main__:create_all_visualizations:304 - ============================================================
2026-02-02 19:38:03.364 | INFO     | __main__:create_time_series_chart:53 - Creating time series chart...
2026-02-02 19:38:04.800 | SUCCESS  | __main__:create_time_series_chart:93 - Saved time series chart to C:\Users\Daniyal Haider\Desktop\DataScience_Assignment1\outputs\figures\time_series_trips.html
2026-02-02 19:38:04.805 | INFO     | __main__:create_revenue_chart:112 - Creating revenue chart...
2026-02-02 19:38:04.872 | SUCCESS  | __main__:create_revenue_chart:165 - Saved revenue chart to C:\Users\Daniyal Haider\Desktop\DataScience_Assignment1\outputs\figures\revenue_analysis.html
2026-02-02 19:38:04.876 | INFO     | __main__:create_zone_category_chart:183 - Creating zone category chart...
2026-02-02 19:38:05.235 | SUCCESS  | __main__:create_zone_category_chart:219 - Saved zone category chart to C:\Users\Daniyal Haider\Desktop\DataScience_Assignment1\outputs\figures\zone_category_distribution.html
2026-02-02 19:38:05.238 | INFO     | __main__:create_leakage_chart:237 - Creating leakage chart...
2026-02-02 19:38:05.302 | SUCCESS  | __main__:create_leakage_chart:289 - Saved leakage chart to C:\Users\Daniyal Haider\Desktop\DataScience_Assignment1\outputs\figures\leakage_analysis.html
2026-02-02 19:38:05.305 | SUCCESS  | __main__:create_all_visualizations:315 - All visualizations created!
2026-02-02 19:46:31.290 | INFO     | __main__:create_all_visualizations:307 - ============================================================
2026-02-02 19:46:31.291 | INFO     | __main__:create_all_visualizations:308 - Creating All Visualizations (Matplotlib)
2026-02-02 19:46:31.291 | INFO     | __main__:create_all_visualizations:309 - ============================================================
2026-02-02 19:46:31.292 | INFO     | __main__:create_time_series_chart:51 - Creating time series chart...
2026-02-02 19:46:32.811 | SUCCESS  | __main__:create_time_series_chart:94 - Saved time series chart to C:\Users\Daniyal Haider\Desktop\DataScience_Assignment1\outputs\figures\time_series_trips.png
2026-02-02 19:46:32.815 | INFO     | __main__:create_revenue_chart:108 - Creating revenue chart...
2026-02-02 19:46:33.601 | SUCCESS  | __main__:create_revenue_chart:167 - Saved revenue chart to C:\Users\Daniyal Haider\Desktop\DataScience_Assignment1\outputs\figures\revenue_analysis.png
2026-02-02 19:46:33.604 | INFO     | __main__:create_zone_category_chart:181 - Creating zone category chart...
2026-02-02 19:46:34.124 | SUCCESS  | __main__:create_zone_category_chart:233 - Saved zone category chart to C:\Users\Daniyal Haider\Desktop\DataScience_Assignment1\outputs\figures\zone_category_distribution.png
2026-02-02 19:46:34.128 | INFO     | __main__:create_leakage_chart:247 - Creating leakage chart...
2026-02-02 19:46:34.843 | SUCCESS  | __main__:create_leakage_chart:294 - Saved leakage chart to C:\Users\Daniyal Haider\Desktop\DataScience_Assignment1\outputs\figures\leakage_analysis.png
2026-02-02 19:46:34.846 | SUCCESS  | __main__:create_all_visualizations:320 - All visualizations created!
